\BOOKMARK [1][-]{section.1}{Introduction - Setting up the Groundwork}{}% 1
\BOOKMARK [2][-]{subsection.1.1}{Particle Dynamics}{section.1}% 2
\BOOKMARK [2][-]{subsection.1.2}{Rigid Body Dynamics}{section.1}% 3
\BOOKMARK [3][-]{subsubsection.1.2.1}{Translational Dynamics}{subsection.1.2}% 4
\BOOKMARK [3][-]{subsubsection.1.2.2}{Rotational Dynamics}{subsection.1.2}% 5
\BOOKMARK [1][-]{section.2}{The Two Body Problem}{}% 6
\BOOKMARK [2][-]{subsection.2.1}{The N Body Problem}{section.2}% 7
\BOOKMARK [1][-]{section.3}{More About Orbits}{}% 8
\BOOKMARK [2][-]{subsection.3.1}{Conical Orbits}{section.3}% 9
\BOOKMARK [3][-]{subsubsection.3.1.1}{Elliptical Orbit}{subsection.3.1}% 10
\BOOKMARK [3][-]{subsubsection.3.1.2}{Parabolic Orbit}{subsection.3.1}% 11
\BOOKMARK [3][-]{subsubsection.3.1.3}{Hyperbolic Orbit}{subsection.3.1}% 12
\BOOKMARK [2][-]{subsection.3.2}{Orbital Elements}{section.3}% 13
\BOOKMARK [1][-]{section.4}{Some Title}{}% 14
\BOOKMARK [2][-]{subsection.4.1}{Aerodynamics}{section.4}% 15
\BOOKMARK [2][-]{subsection.4.2}{A Few Considerations about Space}{section.4}% 16
\BOOKMARK [3][-]{subsubsection.4.2.1}{Spacecraft Temperature}{subsection.4.2}% 17
\BOOKMARK [3][-]{subsubsection.4.2.2}{Radiation}{subsection.4.2}% 18
\BOOKMARK [1][-]{section.5}{Inter - Planetary Motion}{}% 19
\BOOKMARK [2][-]{subsection.5.1}{Hohmann Transfer}{section.5}% 20
\BOOKMARK [2][-]{subsection.5.2}{Launch Windows}{section.5}% 21
\BOOKMARK [2][-]{subsection.5.3}{Planetary Flby}{section.5}% 22
\BOOKMARK [1][-]{section.6}{Rocket Dynamics}{}% 23
\BOOKMARK [2][-]{subsection.6.1}{The Rocket Equation}{section.6}% 24
\BOOKMARK [2][-]{subsection.6.2}{Multistage Rockets}{section.6}% 25
\BOOKMARK [2][-]{subsection.6.3}{The Bell Nozzle}{section.6}% 26
\BOOKMARK [1][-]{section.7}{Re-entry Dynamics}{}% 27
\BOOKMARK [2][-]{subsection.7.1}{Steep Ballistic Descent}{section.7}% 28
\BOOKMARK [2][-]{subsection.7.2}{Ballistic Re-entry}{section.7}% 29
\BOOKMARK [2][-]{subsection.7.3}{Re-entry Corridor}{section.7}% 30
\BOOKMARK [1][-]{section.8}{Bibliography}{}% 31
